<?xml version="1.0" encoding="UTF-8"?>
<testng-results ignored="0" total="2" passed="2" failed="0" skipped="0">
  <reporter-output>
  </reporter-output>
  <suite started-at="2023-01-24T13:01:55 IST" name="Default suite" finished-at="2023-01-24T13:01:56 IST" duration-ms="80">
    <groups>
    </groups>
    <test started-at="2023-01-24T13:01:55 IST" name="Default test" finished-at="2023-01-24T13:01:56 IST" duration-ms="80">
      <class name="Demo.DemoFirstTest">
        <test-method signature="demo1()[pri:0, instance:Demo.DemoFirstTest@3bf9ce3e]" started-at="2023-01-24T13:01:55 IST" name="demo1" finished-at="2023-01-24T13:01:56 IST" duration-ms="13" status="PASS">
          <reporter-output>
          </reporter-output>
        </test-method> <!-- demo1 -->
        <test-method signature="demo2()[pri:0, instance:Demo.DemoFirstTest@3bf9ce3e]" started-at="2023-01-24T13:01:56 IST" name="demo2" finished-at="2023-01-24T13:01:56 IST" duration-ms="4" status="PASS">
          <reporter-output>
          </reporter-output>
        </test-method> <!-- demo2 -->
      </class> <!-- Demo.DemoFirstTest -->
    </test> <!-- Default test -->
  </suite> <!-- Default suite -->
</testng-results>
